<?xml version="1.0" encoding="UTF-8"?>
<testsuite xmlns:xsi="http://www.w3.org/2001/XMLSchema-instance" xsi:noNamespaceSchemaLocation="https://maven.apache.org/surefire/maven-surefire-plugin/xsd/surefire-test-report-3.0.xsd" version="3.0" name="com.example.PreprocessingDummy.PreprocessingDummyApplicationTests" time="4.127" tests="1" errors="0" skipped="0" failures="0">
  <properties>
[...]
</properties>
  <testcase name="contextLoads" classname="com.example.PreprocessingDummy.PreprocessingDummyApplicationTests" time="1.209">
    <system-out><![CDATA[05:51:11.245 [main] INFO org.springframework.test.context.support.AnnotationConfigContextLoaderUtils -- Could not detect default configuration classes for test class [com.example.PreprocessingDummy.PreprocessingDummyApplicationTests]: PreprocessingDummyApplicationTests does not declare any static, non-private, non-final, nested classes annotated with @Configuration.
05:51:11.388 [main] INFO org.springframework.boot.test.context.SpringBootTestContextBootstrapper -- Found @SpringBootConfiguration com.example.PreprocessingDummy.PreprocessingDummyApplication for test class com.example.PreprocessingDummy.PreprocessingDummyApplicationTests

  .   ____          _            __ _ _
 /\\ / ___'_ __ _ _(_)_ __  __ _ \ \ \ \
( ( )\___ | '_ | '_| | '_ \/ _` | \ \ \ \
 \\/  ___)| |_)| | | | | || (_| |  ) ) ) )
  '  |____| .__|_| |_|_| |_\__, | / / / /
 =========|_|==============|___/=/_/_/_/
 :: Spring Boot ::                (v3.1.5)

2023-11-28T05:51:11.965+02:00  INFO 25832 --- [           main] c.e.P.PreprocessingDummyApplicationTests : Starting PreprocessingDummyApplicationTests using Java 17.0.5 with PID 25832 (started by xristina in C:\Users\karal\progr\onto_workspace\KnowledgeGraphs\PreprocessingDummy)
2023-11-28T05:51:11.966+02:00  INFO 25832 --- [           main] c.e.P.PreprocessingDummyApplicationTests : No active profile set, falling back to 1 default profile: "default"
2023-11-28T05:51:13.891+02:00  INFO 25832 --- [           main] c.e.P.PreprocessingDummyApplicationTests : Started PreprocessingDummyApplicationTests in 2.281 seconds (process running for 3.801)
]]></system-out>
  </testcase>
</testsuite>